<?xml version="1.0" encoding="utf-8"?><testsuites name="pytest tests"><testsuite name="pytest" errors="0" failures="0" skipped="0" tests="201" time="2.324" timestamp="2025-12-19T19:38:49.608647-05:00" hostname="10-20-66-35.dynapool.wireless.nyu.edu"><testcase classname="src.ai_api.tests.test_ai_api" name="test_get_client_raises_when_not_registered" time="0.000" /><testcase classname="src.ai_api.tests.test_ai_api" name="test_get_client_can_be_patched" time="0.000" /><testcase classname="src.discord_api.tests.test_discord_api" name="test_api_exports_client" time="0.000" /><testcase classname="src.discord_api.tests.test_discord_api" name="test_api_exports_chat_message" time="0.000" /><testcase classname="src.discord_api.tests.test_discord_api" name="test_api_exports_channel" time="0.000" /><testcase classname="src.discord_api.tests.test_discord_api" name="test_api_exports_get_client" time="0.000" /><testcase classname="src.discord_api.tests.test_discord_api" name="test_api_exports_get_message" time="0.000" /><testcase classname="src.discord_api.tests.test_discord_api" name="test_api_exports_get_channel" time="0.000" /><testcase classname="src.discord_api.tests.test_discord_api" name="test_client_is_abstract" time="0.000" /><testcase classname="src.discord_api.tests.test_discord_api" name="test_chat_message_is_abstract" time="0.000" /><testcase classname="src.discord_api.tests.test_discord_api" name="test_channel_is_abstract" time="0.000" /><testcase classname="src.discord_client_impl.tests.test_discord_client.TestOAuth2Flow" name="test_get_authorization_url" time="0.015" /><testcase classname="src.discord_client_impl.tests.test_discord_client.TestOAuth2Flow" name="test_get_authorization_url_with_custom_state" time="0.006" /><testcase classname="src.discord_client_impl.tests.test_discord_client.TestOAuth2Flow" name="test_exchange_code_for_token_success" time="0.008" /><testcase classname="src.discord_client_impl.tests.test_discord_client.TestOAuth2Flow" name="test_exchange_code_for_token_failure" time="0.005" /><testcase classname="src.discord_client_impl.tests.test_discord_client.TestOAuth2Flow" name="test_refresh_access_token_success" time="0.007" /><testcase classname="src.discord_client_impl.tests.test_discord_client.TestOAuth2Flow" name="test_refresh_access_token_failure" time="0.004" /><testcase classname="src.discord_client_impl.tests.test_discord_client.TestMessageOperations" name="test_get_messages_success" time="0.006" /><testcase classname="src.discord_client_impl.tests.test_discord_client.TestMessageOperations" name="test_get_messages_empty_channel" time="0.004" /><testcase classname="src.discord_client_impl.tests.test_discord_client.TestMessageOperations" name="test_get_message_by_id_success" time="0.004" /><testcase classname="src.discord_client_impl.tests.test_discord_client.TestMessageOperations" name="test_send_message_success" time="0.004" /><testcase classname="src.discord_client_impl.tests.test_discord_client.TestMessageOperations" name="test_send_message_failure" time="0.005" /><testcase classname="src.discord_client_impl.tests.test_discord_client.TestMessageOperations" name="test_delete_message_success" time="0.004" /><testcase classname="src.discord_client_impl.tests.test_discord_client.TestMessageOperations" name="test_delete_message_not_found" time="0.005" /><testcase classname="src.discord_client_impl.tests.test_discord_client.TestChannelOperations" name="test_get_channels_success" time="0.005" /><testcase classname="src.discord_client_impl.tests.test_discord_client.TestChannelOperations" name="test_get_channel_by_id_success" time="0.004" /><testcase classname="src.discord_client_impl.tests.test_discord_client.TestChannelOperations" name="test_get_channel_not_found" time="0.004" /><testcase classname="src.discord_client_impl.tests.test_discord_client.TestErrorHandling" name="test_unauthorized_request" time="0.005" /><testcase classname="src.discord_client_impl.tests.test_discord_client.TestErrorHandling" name="test_rate_limit_handling" time="0.005" /><testcase classname="src.discord_client_impl.tests.test_discord_client.TestErrorHandling" name="test_operations_without_token" time="0.004" /><testcase classname="src.discord_client_impl.tests.test_discord_client.TestErrorHandling" name="test_get_message_http_error" time="0.004" /><testcase classname="src.discord_client_impl.tests.test_discord_client.TestErrorHandling" name="test_send_message_http_error" time="0.004" /><testcase classname="src.discord_client_impl.tests.test_discord_client.TestErrorHandling" name="test_delete_message_http_error" time="0.005" /><testcase classname="src.discord_client_impl.tests.test_discord_client.TestErrorHandling" name="test_get_channel_http_error" time="0.004" /><testcase classname="src.discord_client_impl.tests.test_discord_impl_additional" name="test_get_authorization_url_without_client_id" time="0.004" /><testcase classname="src.discord_client_impl.tests.test_discord_impl_additional" name="test_update_http_client_sets_headers" time="0.006" /><testcase classname="src.discord_client_impl.tests.test_discord_impl_additional" name="test_leave_guild_success" time="0.004" /><testcase classname="src.discord_client_impl.tests.test_discord_impl_additional" name="test_leave_guild_failure" time="0.005" /><testcase classname="src.discord_client_impl.tests.test_discord_impl_additional" name="test_get_guild_channels_success" time="0.004" /><testcase classname="src.discord_client_impl.tests.test_discord_impl_additional" name="test_get_guild_channels_failure" time="0.005" /><testcase classname="src.discord_client_impl.tests.test_discord_impl_additional" name="test_context_manager_closes_http_client" time="0.003" /><testcase classname="src.discord_client_impl.tests.test_message_impl" name="test_discord_message_basic_properties" time="0.000" /><testcase classname="src.discord_client_impl.tests.test_message_impl" name="test_discord_message_edited" time="0.000" /><testcase classname="src.discord_client_impl.tests.test_message_impl" name="test_discord_message_author_fallback" time="0.000" /><testcase classname="src.discord_client_impl.tests.test_message_impl" name="test_discord_message_missing_author" time="0.000" /><testcase classname="src.discord_client_impl.tests.test_message_impl" name="test_discord_channel_basic_properties" time="0.000" /><testcase classname="src.discord_client_impl.tests.test_message_impl" name="test_discord_channel_dm" time="0.000" /><testcase classname="src.discord_client_impl.tests.test_message_impl" name="test_discord_channel_voice" time="0.000" /><testcase classname="src.discord_client_impl.tests.test_message_impl" name="test_discord_channel_unknown_type" time="0.000" /><testcase classname="src.discord_client_impl.tests.test_message_impl" name="test_discord_channel_dm_without_recipients" time="0.000" /><testcase classname="src.discord_client_impl.tests.test_registration" name="test_registration_overrides_get_client" time="0.005" /><testcase classname="src.discord_client_impl.tests.test_registration" name="test_registration_overrides_get_message" time="0.000" /><testcase classname="src.discord_client_impl.tests.test_registration" name="test_registration_overrides_get_channel" time="0.000" /><testcase classname="src.discord_client_impl.tests.test_registration" name="test_get_client_impl_returns_discord_client" time="0.003" /><testcase classname="src.gtask_client_impl.tests.test_authentication.TestGTaskClientInitialization" name="test_init_with_provided_service_skips_auth" time="0.000" /><testcase classname="src.gtask_client_impl.tests.test_authentication.TestGTaskClientInitialization" name="test_init_with_env_vars_success" time="0.001" /><testcase classname="src.gtask_client_impl.tests.test_authentication.TestGTaskClientInitialization" name="test_init_no_valid_credentials_raises_error" time="0.002" /><testcase classname="src.gtask_client_impl.tests.test_authentication.TestOAuthManagerSelectCredentials" name="test_select_credentials_non_interactive_from_env" time="0.001" /><testcase classname="src.gtask_client_impl.tests.test_authentication.TestOAuthManagerSelectCredentials" name="test_select_credentials_interactive_from_env" time="0.001" /><testcase classname="src.gtask_client_impl.tests.test_authentication.TestNonInteractiveCredentials" name="test_get_non_interactive_credentials_from_env" time="0.001" /><testcase classname="src.gtask_client_impl.tests.test_authentication.TestNonInteractiveCredentials" name="test_get_non_interactive_credentials_from_session" time="0.001" /><testcase classname="src.gtask_client_impl.tests.test_authentication.TestNonInteractiveCredentials" name="test_get_non_interactive_credentials_session_exception" time="0.000" /><testcase classname="src.gtask_client_impl.tests.test_authentication.TestNonInteractiveCredentials" name="test_get_non_interactive_credentials_in_fastapi_context_no_env_fallback" time="0.001" /><testcase classname="src.gtask_client_impl.tests.test_authentication.TestInteractiveCredentials" name="test_get_interactive_credentials_from_env" time="0.001" /><testcase classname="src.gtask_client_impl.tests.test_authentication.TestInteractiveCredentials" name="test_get_interactive_credentials_via_service" time="0.001" /><testcase classname="src.gtask_client_impl.tests.test_authentication.TestInteractiveCredentials" name="test_get_interactive_credentials_no_creds_no_service_raises_error" time="0.002" /><testcase classname="src.gtask_client_impl.tests.test_authentication.TestInteractiveCredentials" name="test_get_interactive_credentials_invalid_refresh_token_raises_error" time="0.001" /><testcase classname="src.gtask_client_impl.tests.test_authentication.TestInteractiveCredentials" name="test_get_interactive_credentials_login_flow_fails_raises_error" time="0.002" /><testcase classname="src.gtask_client_impl.tests.test_authentication.TestInteractiveCredentials" name="test_get_interactive_credentials_in_fastapi_context_no_env" time="0.001" /><testcase classname="src.gtask_client_impl.tests.test_authentication.TestAuthFromEnv" name="test_auth_from_env_success" time="0.001" /><testcase classname="src.gtask_client_impl.tests.test_authentication.TestAuthFromEnv" name="test_auth_from_env_custom_token_uri" time="0.001" /><testcase classname="src.gtask_client_impl.tests.test_authentication.TestAuthFromEnv" name="test_auth_from_env_refresh_failure" time="0.001" /><testcase classname="src.gtask_client_impl.tests.test_authentication.TestAuthFromEnv" name="test_auth_from_env_no_refresh_token_non_interactive" time="0.087" /><testcase classname="src.gtask_client_impl.tests.test_authentication.TestAuthFromEnv" name="test_auth_from_env_no_refresh_token_interactive" time="0.085" /><testcase classname="src.gtask_client_impl.tests.test_authentication.TestAuthFromEnv" name="test_auth_from_env_invalid_refresh_token_interactive" time="0.002" /><testcase classname="src.gtask_client_impl.tests.test_authentication.TestSessionCredentials" name="test_get_session_credentials_success" time="0.004" /><testcase classname="src.gtask_client_impl.tests.test_authentication.TestSessionCredentials" name="test_get_session_credentials_module_not_available" time="0.000" /><testcase classname="src.gtask_client_impl.tests.test_authentication.TestSessionCredentials" name="test_get_session_credentials_no_request_context" time="0.001" /><testcase classname="src.gtask_client_impl.tests.test_authentication.TestSessionCredentials" name="test_get_session_credentials_no_creds_in_state" time="0.001" /><testcase classname="src.gtask_client_impl.tests.test_authentication.TestInitiateApiLoginFlow" name="test_initiate_api_login_flow_service_not_available" time="0.001" /><testcase classname="src.gtask_client_impl.tests.test_authentication.TestInitiateApiLoginFlow" name="test_initiate_api_login_flow_already_has_creds" time="0.001" /><testcase classname="src.gtask_client_impl.tests.test_authentication.TestInitiateApiLoginFlow" name="test_initiate_api_login_flow_opens_browser_and_polls" time="0.001" /><testcase classname="src.gtask_client_impl.tests.test_authentication.TestInitiateApiLoginFlow" name="test_initiate_api_login_flow_timeout" time="0.001" /><testcase classname="src.gtask_client_impl.tests.test_authentication.TestCreateCredentialsFromDict" name="test_create_credentials_from_dict_success" time="0.001" /><testcase classname="src.gtask_client_impl.tests.test_authentication.TestCreateCredentialsFromDict" name="test_create_credentials_from_dict_needs_refresh" time="0.001" /><testcase classname="src.gtask_client_impl.tests.test_authentication.TestCreateCredentialsFromDict" name="test_create_credentials_from_dict_refresh_failure" time="0.001" /><testcase classname="src.gtask_client_impl.tests.test_authentication.TestRefreshCredentials" name="test_refresh_credentials_if_needed_valid_creds" time="0.001" /><testcase classname="src.gtask_client_impl.tests.test_authentication.TestRefreshCredentials" name="test_refresh_credentials_if_needed_no_refresh_token" time="0.000" /><testcase classname="src.gtask_client_impl.tests.test_authentication.TestRefreshCredentials" name="test_refresh_credentials_if_needed_refresh_success" time="0.001" /><testcase classname="src.gtask_client_impl.tests.test_authentication.TestRefreshCredentials" name="test_refresh_credentials_if_needed_refresh_failure" time="0.001" /><testcase classname="src.gtask_client_impl.tests.test_authentication.TestRefreshCredentials" name="test_refresh_credentials_if_needed_refresh_failure_no_session" time="0.005" /><testcase classname="src.gtask_client_impl.tests.test_authentication.TestServiceAvailability" name="test_check_service_availability_success" time="0.001" /><testcase classname="src.gtask_client_impl.tests.test_authentication.TestServiceAvailability" name="test_check_service_availability_unauthorized" time="0.000" /><testcase classname="src.gtask_client_impl.tests.test_authentication.TestServiceAvailability" name="test_check_service_availability_connection_error" time="0.000" /><testcase classname="src.gtask_client_impl.tests.test_authentication.TestEnsureServiceInitialized" name="test_ensure_service_initialized_with_session_creds" time="0.001" /><testcase classname="src.gtask_client_impl.tests.test_authentication.TestEnsureServiceInitialized" name="test_ensure_service_initialized_with_env_creds" time="0.001" /><testcase classname="src.gtask_client_impl.tests.test_authentication.TestEnsureServiceInitialized" name="test_ensure_service_initialized_no_creds_raises_error" time="0.002" /><testcase classname="src.gtask_client_impl.tests.test_authentication.TestEnsureServiceInitialized" name="test_ensure_service_initialized_already_initialized" time="0.000" /><testcase classname="src.gtask_client_impl.tests.test_authentication.TestOAuthManagerConstants" name="test_scopes_constant" time="0.000" /><testcase classname="src.gtask_client_impl.tests.test_authentication.TestOAuthManagerConstants" name="test_service_base_url_constant" time="0.000" /><testcase classname="src.gtask_client_impl.tests.test_authentication.TestGTaskClientConstants" name="test_failure_message_constant" time="0.000" /><testcase classname="src.gtask_client_impl.tests.test_core_methods.TestGTaskClientTaskOperations" name="test_get_task_success" time="0.001" /><testcase classname="src.gtask_client_impl.tests.test_core_methods.TestGTaskClientTaskOperations" name="test_get_task_api_exception" time="0.002" /><testcase classname="src.gtask_client_impl.tests.test_core_methods.TestGTaskClientTaskOperations" name="test_delete_task_success" time="0.000" /><testcase classname="src.gtask_client_impl.tests.test_core_methods.TestGTaskClientTaskOperations" name="test_delete_task_api_exception" time="0.001" /><testcase classname="src.gtask_client_impl.tests.test_core_methods.TestGTaskClientTaskOperations" name="test_list_tasks_success" time="0.001" /><testcase classname="src.gtask_client_impl.tests.test_core_methods.TestGTaskClientTaskOperations" name="test_list_tasks_empty_tasklist" time="0.001" /><testcase classname="src.gtask_client_impl.tests.test_core_methods.TestGTaskClientTaskOperations" name="test_list_tasks_no_items_key" time="0.000" /><testcase classname="src.gtask_client_impl.tests.test_core_methods.TestGTaskClientTaskOperations" name="test_list_tasks_api_exception" time="0.001" /><testcase classname="src.gtask_client_impl.tests.test_core_methods.TestGTaskClientTaskOperations" name="test_insert_task_success" time="0.001" /><testcase classname="src.gtask_client_impl.tests.test_core_methods.TestGTaskClientTaskOperations" name="test_insert_task_with_all_fields" time="0.001" /><testcase classname="src.gtask_client_impl.tests.test_core_methods.TestGTaskClientTaskOperations" name="test_insert_task_api_exception" time="0.001" /><testcase classname="src.gtask_client_impl.tests.test_core_methods.TestGTaskClientTaskListOperations" name="test_list_tasklists_success" time="0.001" /><testcase classname="src.gtask_client_impl.tests.test_core_methods.TestGTaskClientTaskListOperations" name="test_list_tasklists_empty" time="0.000" /><testcase classname="src.gtask_client_impl.tests.test_core_methods.TestGTaskClientTaskListOperations" name="test_list_tasklists_no_items_key" time="0.000" /><testcase classname="src.gtask_client_impl.tests.test_core_methods.TestGTaskClientTaskListOperations" name="test_list_tasklists_api_exception" time="0.001" /><testcase classname="src.gtask_client_impl.tests.test_core_methods.TestGTaskClientTaskListOperations" name="test_insert_tasklist_success" time="0.001" /><testcase classname="src.gtask_client_impl.tests.test_core_methods.TestGTaskClientTaskListOperations" name="test_insert_tasklist_api_exception" time="0.001" /><testcase classname="src.gtask_client_impl.tests.test_core_methods.TestGTaskClientTaskListOperations" name="test_delete_tasklist_success" time="0.000" /><testcase classname="src.gtask_client_impl.tests.test_core_methods.TestGTaskClientTaskListOperations" name="test_delete_tasklist_api_exception" time="0.001" /><testcase classname="src.gtask_client_impl.tests.test_registration" name="test_register_binds_factories" time="0.000" /><testcase classname="src.gtask_client_impl.tests.test_task_edge_cases.TestEdgeCases" name="test_extremely_large_task_id" time="0.000" /><testcase classname="src.gtask_client_impl.tests.test_task_edge_cases.TestEdgeCases" name="test_unicode_in_task_content" time="0.000" /><testcase classname="src.gtask_client_impl.tests.test_task_edge_cases.TestEdgeCases" name="test_very_long_title" time="0.000" /><testcase classname="src.gtask_client_impl.tests.test_task_edge_cases.TestEdgeCases" name="test_very_long_notes" time="0.000" /><testcase classname="src.gtask_client_impl.tests.test_task_edge_cases.TestEdgeCases" name="test_malformed_json" time="0.000" /><testcase classname="src.gtask_client_impl.tests.test_task_edge_cases.TestEdgeCases" name="test_empty_json_string" time="0.002" /><testcase classname="src.gtask_client_impl.tests.test_task_edge_cases.TestEdgeCases" name="test_invalid_json" time="0.000" /><testcase classname="src.gtask_client_impl.tests.test_task_edge_cases.TestEdgeCases" name="test_whitespace_only_json" time="0.000" /><testcase classname="src.gtask_client_impl.tests.test_task_edge_cases.TestEdgeCases" name="test_non_ascii_task_id" time="0.000" /><testcase classname="src.gtask_client_impl.tests.test_task_edge_cases.TestEdgeCases" name="test_nested_json_structure" time="0.000" /><testcase classname="src.gtask_client_impl.tests.test_task_edge_cases.TestEdgeCases" name="test_task_with_null_values" time="0.000" /><testcase classname="src.gtask_client_impl.tests.test_task_edge_cases.TestEdgeCases" name="test_task_with_only_id_and_title" time="0.000" /><testcase classname="src.gtask_client_impl.tests.test_task_edge_cases.TestEdgeCases" name="test_task_with_boolean_edge_cases" time="0.000" /><testcase classname="src.gtask_client_impl.tests.test_task_edge_cases.TestEdgeCases" name="test_task_with_rfc3339_timestamp_variations" time="0.000" /><testcase classname="src.gtask_client_impl.tests.test_task_edge_cases.TestEdgeCases" name="test_task_with_extra_unexpected_fields" time="0.000" /><testcase classname="src.gtask_client_impl.tests.test_task_edge_cases.TestEdgeCases" name="test_task_with_numeric_id" time="0.000" /><testcase classname="src.gtask_client_impl.tests.test_tasklist_edge_cases.TestEdgeCases" name="test_extremely_large_tasklist_id" time="0.000" /><testcase classname="src.gtask_client_impl.tests.test_tasklist_edge_cases.TestEdgeCases" name="test_unicode_in_tasklist_content" time="0.000" /><testcase classname="src.gtask_client_impl.tests.test_tasklist_edge_cases.TestEdgeCases" name="test_very_long_title" time="0.000" /><testcase classname="src.gtask_client_impl.tests.test_tasklist_edge_cases.TestEdgeCases" name="test_very_long_etag" time="0.000" /><testcase classname="src.gtask_client_impl.tests.test_tasklist_edge_cases.TestEdgeCases" name="test_malformed_json" time="0.001" /><testcase classname="src.gtask_client_impl.tests.test_tasklist_edge_cases.TestEdgeCases" name="test_empty_json_string" time="0.000" /><testcase classname="src.gtask_client_impl.tests.test_tasklist_edge_cases.TestEdgeCases" name="test_invalid_json" time="0.000" /><testcase classname="src.gtask_client_impl.tests.test_tasklist_edge_cases.TestEdgeCases" name="test_whitespace_only_json" time="0.000" /><testcase classname="src.gtask_client_impl.tests.test_tasklist_edge_cases.TestEdgeCases" name="test_non_ascii_tasklist_id" time="0.000" /><testcase classname="src.gtask_client_impl.tests.test_tasklist_edge_cases.TestEdgeCases" name="test_nested_json_structure" time="0.000" /><testcase classname="src.gtask_client_impl.tests.test_tasklist_edge_cases.TestEdgeCases" name="test_tasklist_with_null_values" time="0.000" /><testcase classname="src.gtask_client_impl.tests.test_tasklist_edge_cases.TestEdgeCases" name="test_repeated_property_access" time="0.000" /><testcase classname="src.gtask_client_impl.tests.test_tasklist_edge_cases.TestEdgeCases" name="test_tasklist_with_only_id_and_title" time="0.000" /><testcase classname="src.gtask_client_impl.tests.test_tasklist_edge_cases.TestEdgeCases" name="test_tasklist_with_rfc3339_timestamp_variations" time="0.000" /><testcase classname="src.gtask_client_impl.tests.test_tasklist_edge_cases.TestEdgeCases" name="test_tasklist_with_extra_unexpected_fields" time="0.000" /><testcase classname="src.gtask_client_impl.tests.test_tasklist_edge_cases.TestEdgeCases" name="test_tasklist_with_numeric_id" time="0.000" /><testcase classname="src.gtask_client_impl.tests.test_tasklist_edge_cases.TestEdgeCases" name="test_tasklist_with_complex_self_link" time="0.000" /><testcase classname="src.gtask_client_impl.tests.test_tasklist_edge_cases.TestEdgeCases" name="test_tasklist_with_etag_variations" time="0.000" /><testcase classname="src.gtask_client_impl.tests.test_tasklist_impl.TestGTaskList" name="test_basic_tasklist_creation" time="0.000" /><testcase classname="src.gtask_client_impl.tests.test_tasklist_impl.TestGTaskList" name="test_tasklist_with_minimal_data" time="0.000" /><testcase classname="src.gtask_client_impl.tests.test_tasklist_impl.TestGTaskList" name="test_tasklist_with_all_fields" time="0.000" /><testcase classname="src.gtask_client_impl.tests.test_tasklist_impl.TestGTaskList" name="test_tasklist_with_etag" time="0.000" /><testcase classname="src.gtask_client_impl.tests.test_tasklist_impl.TestGTaskList" name="test_tasklist_with_updated_timestamp" time="0.000" /><testcase classname="src.gtask_client_impl.tests.test_tasklist_impl.TestGTaskList" name="test_tasklist_with_self_link" time="0.000" /><testcase classname="src.gtask_client_impl.tests.test_tasklist_impl.TestGTaskList" name="test_tasklist_with_empty_strings" time="0.000" /><testcase classname="src.openai_impl.tests.test_openai_impl" name="test_register_sets_get_client" time="0.001" /><testcase classname="src.openai_impl.tests.test_openai_impl" name="test_missing_api_key_raises" time="0.000" /><testcase classname="src.openai_impl.tests.test_openai_impl" name="test_generate_response_conversational_path" time="0.001" /><testcase classname="src.openai_impl.tests.test_openai_impl" name="test_generate_response_schema_path" time="0.001" /><testcase classname="src.tickets_client_impl.tests.test_status_mapping.TestStatusMapping" name="test_open_status_plain_title" time="0.000" /><testcase classname="src.tickets_client_impl.tests.test_status_mapping.TestStatusMapping" name="test_open_status_with_spaces" time="0.000" /><testcase classname="src.tickets_client_impl.tests.test_status_mapping.TestStatusMapping" name="test_in_progress_exact_prefix" time="0.000" /><testcase classname="src.tickets_client_impl.tests.test_status_mapping.TestStatusMapping" name="test_in_progress_prefix_with_spaces" time="0.000" /><testcase classname="src.tickets_client_impl.tests.test_status_mapping.TestStatusMapping" name="test_closed_status_overrides_prefix" time="0.000" /><testcase classname="src.tickets_client_impl.tests.test_status_mapping.TestStatusMapping" name="test_closed_status_plain_title" time="0.000" /><testcase classname="src.tickets_client_impl.tests.test_status_mapping.TestStatusMapping" name="test_prefix_variations_not_matched" time="0.000" /><testcase classname="src.tickets_client_impl.tests.test_status_mapping.TestStatusMapping" name="test_empty_title_open" time="0.000" /><testcase classname="src.tickets_client_impl.tests.test_status_mapping.TestStatusMapping" name="test_empty_title_closed" time="0.000" /><testcase classname="src.tickets_client_impl.tests.test_status_mapping.TestStatusMapping" name="test_unicode_in_title_with_prefix" time="0.000" /><testcase classname="src.tickets_client_impl.tests.test_status_mapping.TestStatusMapping" name="test_very_long_title_with_prefix" time="0.000" /><testcase classname="src.tickets_client_impl.tests.test_ticket_impl.TestTicketImpl" name="test_ticket_open_status" time="0.000" /><testcase classname="src.tickets_client_impl.tests.test_ticket_impl.TestTicketImpl" name="test_ticket_in_progress_status" time="0.000" /><testcase classname="src.tickets_client_impl.tests.test_ticket_impl.TestTicketImpl" name="test_ticket_closed_status" time="0.000" /><testcase classname="src.tickets_client_impl.tests.test_ticket_impl.TestTicketImpl" name="test_ticket_closed_with_ip_prefix" time="0.000" /><testcase classname="src.tickets_client_impl.tests.test_ticket_impl.TestTicketImpl" name="test_ticket_no_description" time="0.000" /><testcase classname="src.tickets_client_impl.tests.test_ticket_impl.TestTicketImpl" name="test_ticket_empty_title" time="0.000" /><testcase classname="src.tickets_client_impl.tests.test_ticket_impl.TestTicketImpl" name="test_ticket_ip_prefix_in_middle" time="0.000" /><testcase classname="src.tickets_client_impl.tests.test_ticket_impl.TestTicketImpl" name="test_ticket_ip_prefix_case_sensitive" time="0.000" /><testcase classname="src.tickets_client_impl.tests.test_ticket_impl.TestTicketImpl" name="test_ticket_assignee_always_none" time="0.000" /><testcase classname="src.tickets_client_impl.tests.test_tickets_impl.TestTicketsClient" name="test_create_ticket_open" time="0.001" /><testcase classname="src.tickets_client_impl.tests.test_tickets_impl.TestTicketsClient" name="test_create_ticket_empty_description" time="0.000" /><testcase classname="src.tickets_client_impl.tests.test_tickets_impl.TestTicketsClient" name="test_get_ticket_success" time="0.000" /><testcase classname="src.tickets_client_impl.tests.test_tickets_impl.TestTicketsClient" name="test_get_ticket_not_found" time="0.000" /><testcase classname="src.tickets_client_impl.tests.test_tickets_impl.TestTicketsClient" name="test_search_tickets_by_query" time="0.000" /><testcase classname="src.tickets_client_impl.tests.test_tickets_impl.TestTicketsClient" name="test_search_tickets_by_status" time="0.000" /><testcase classname="src.tickets_client_impl.tests.test_tickets_impl.TestTicketsClient" name="test_search_tickets_by_query_and_status" time="0.000" /><testcase classname="src.tickets_client_impl.tests.test_tickets_impl.TestTicketsClient" name="test_search_tickets_no_filters" time="0.000" /><testcase classname="src.tickets_client_impl.tests.test_tickets_impl.TestTicketsClient" name="test_update_ticket_status" time="0.000" /><testcase classname="src.tickets_client_impl.tests.test_tickets_impl.TestTicketsClient" name="test_update_ticket_title" time="0.000" /><testcase classname="src.tickets_client_impl.tests.test_tickets_impl.TestTicketsClient" name="test_update_ticket_not_found" time="0.001" /><testcase classname="src.tickets_client_impl.tests.test_tickets_impl.TestTicketsClient" name="test_delete_ticket_success" time="0.000" /><testcase classname="src.tickets_client_impl.tests.test_tickets_impl.TestTicketsClient" name="test_delete_ticket_failure" time="0.000" /><testcase classname="src.tickets_client_impl.tests.test_tickets_impl.TestTicketsClient" name="test_default_tasklist_caching" time="0.000" /><testcase classname="src.tickets_client_impl.tests.test_tickets_impl.TestTicketsClient" name="test_default_tasklist_not_available" time="0.001" /></testsuite></testsuites>